Frontend/app/build/intermediates/manifest_merge_blame_file/debug/processDebugMainManifest/manifest-merger-blame-debug-report.txt
1<?xml version="1.0" encoding="utf-8"?>
2<manifest xmlns:android="http://schemas.android.com/apk/res/android"
3    package="com.exemple.applicationble"
4    android:versionCode="1"
5    android:versionName="1.0" >
6
7    <uses-sdk
8        android:minSdkVersion="24"
9        android:targetSdkVersion="35" />
10
11    <uses-permission android:name="android.permission.INTERNET" />
11-->src/main/AndroidManifest.xml:6:5-66
11-->src/main/AndroidManifest.xml:6:22-64
12    <uses-permission android:name="android.permission.ACCESS_NETWORK_STATE" />
12-->src/main/AndroidManifest.xml:7:5-78
12-->src/main/AndroidManifest.xml:7:22-76
13
14    <!-- Permissions Bluetooth et localisation -->
15    <uses-permission android:name="android.permission.BLUETOOTH" />
15-->src/main/AndroidManifest.xml:10:5-68
15-->src/main/AndroidManifest.xml:10:22-65
16    <uses-permission android:name="android.permission.BLUETOOTH_ADMIN" />
16-->src/main/AndroidManifest.xml:11:5-74
16-->src/main/AndroidManifest.xml:11:22-71
17    <uses-permission android:name="android.permission.ACCESS_COARSE_LOCATION" />
17-->src/main/AndroidManifest.xml:12:5-81
17-->src/main/AndroidManifest.xml:12:22-78
18    <uses-permission android:name="android.permission.ACCESS_FINE_LOCATION" />
18-->src/main/AndroidManifest.xml:13:5-79
18-->src/main/AndroidManifest.xml:13:22-76
19    <uses-permission android:name="android.permission.INTERNET" />
19-->src/main/AndroidManifest.xml:6:5-66
19-->src/main/AndroidManifest.xml:6:22-64
20
21    <!-- Permissions spécifiques pour Android 12 (API 31) et plus -->
22    <uses-permission
22-->src/main/AndroidManifest.xml:17:5-19:58
23        android:name="android.permission.BLUETOOTH_SCAN"
23-->src/main/AndroidManifest.xml:18:9-57
24        android:usesPermissionFlags="neverForLocation" />
24-->src/main/AndroidManifest.xml:19:9-55
25    <uses-permission android:name="android.permission.BLUETOOTH_CONNECT" />
25-->src/main/AndroidManifest.xml:20:5-76
25-->src/main/AndroidManifest.xml:20:22-73
26    <uses-permission android:name="android.permission.BLUETOOTH_ADVERTISE" />
26-->src/main/AndroidManifest.xml:21:5-78
26-->src/main/AndroidManifest.xml:21:22-75
27
28    <uses-feature
28-->[com.google.android.gms:play-services-maps:19.1.0] AndroidManifest.xml:22:5-24:33
29        android:glEsVersion="0x00020000"
29-->[com.google.android.gms:play-services-maps:19.1.0] AndroidManifest.xml:23:8-40
30        android:required="true" />
30-->[com.google.android.gms:play-services-maps:19.1.0] AndroidManifest.xml:24:8-31
31
32    <queries>
32-->[com.google.android.gms:play-services-maps:19.1.0] AndroidManifest.xml:27:5-30:15
33
34        <!-- Needs to be explicitly declared on Android R+ -->
35        <package android:name="com.google.android.apps.maps" />
35-->[com.google.android.gms:play-services-maps:19.1.0] AndroidManifest.xml:29:7-61
35-->[com.google.android.gms:play-services-maps:19.1.0] AndroidManifest.xml:29:16-59
36    </queries>
37
38    <permission
38-->[androidx.core:core:1.13.0] AndroidManifest.xml:22:5-24:47
39        android:name="com.exemple.applicationble.DYNAMIC_RECEIVER_NOT_EXPORTED_PERMISSION"
39-->[androidx.core:core:1.13.0] AndroidManifest.xml:23:9-81
40        android:protectionLevel="signature" />
40-->[androidx.core:core:1.13.0] AndroidManifest.xml:24:9-44
41
42    <uses-permission android:name="com.exemple.applicationble.DYNAMIC_RECEIVER_NOT_EXPORTED_PERMISSION" />
42-->[androidx.core:core:1.13.0] AndroidManifest.xml:26:5-97
42-->[androidx.core:core:1.13.0] AndroidManifest.xml:26:22-94
43
44    <application
44-->src/main/AndroidManifest.xml:23:5-54:19
45        android:allowBackup="true"
45-->src/main/AndroidManifest.xml:24:9-35
46        android:appComponentFactory="androidx.core.app.CoreComponentFactory"
46-->[androidx.core:core:1.13.0] AndroidManifest.xml:28:18-86
47        android:dataExtractionRules="@xml/data_extraction_rules"
47-->src/main/AndroidManifest.xml:25:9-65
48        android:debuggable="true"
49        android:extractNativeLibs="false"
50        android:fullBackupContent="@xml/backup_rules"
50-->src/main/AndroidManifest.xml:26:9-54
51        android:icon="@mipmap/ic_launcher"
51-->src/main/AndroidManifest.xml:27:9-43
52        android:label="@string/app_name"
52-->src/main/AndroidManifest.xml:28:9-41
53        android:roundIcon="@mipmap/ic_launcher_round"
53-->src/main/AndroidManifest.xml:29:9-54
54        android:supportsRtl="true"
54-->src/main/AndroidManifest.xml:30:9-35
55        android:theme="@style/Theme.ApplicationBLE" >
55-->src/main/AndroidManifest.xml:31:9-52
56
57        <!-- Activité principale avec intent filter -->
58        <activity
58-->src/main/AndroidManifest.xml:35:9-42:20
59            android:name="com.exemple.applicationble.HomeActivity"
59-->src/main/AndroidManifest.xml:36:13-41
60            android:exported="true" >
60-->src/main/AndroidManifest.xml:37:13-36
61            <intent-filter>
61-->src/main/AndroidManifest.xml:38:13-41:29
62                <action android:name="android.intent.action.MAIN" />
62-->src/main/AndroidManifest.xml:39:17-69
62-->src/main/AndroidManifest.xml:39:25-66
63
64                <category android:name="android.intent.category.LAUNCHER" />
64-->src/main/AndroidManifest.xml:40:17-77
64-->src/main/AndroidManifest.xml:40:27-74
65            </intent-filter>
66        </activity>
67        <activity
67-->src/main/AndroidManifest.xml:44:9-46:40
68            android:name="com.exemple.applicationble.IdentificationActivity"
68-->src/main/AndroidManifest.xml:45:13-51
69            android:exported="false" />
69-->src/main/AndroidManifest.xml:46:13-37
70        <activity
70-->src/main/AndroidManifest.xml:47:9-49:40
71            android:name="com.exemple.applicationble.RenameActivity"
71-->src/main/AndroidManifest.xml:48:13-43
72            android:exported="false" />
72-->src/main/AndroidManifest.xml:49:13-37
73        <activity
73-->src/main/AndroidManifest.xml:50:9-52:40
74            android:name="com.exemple.applicationble.LoginActivity"
74-->src/main/AndroidManifest.xml:51:13-42
75            android:exported="false" />
75-->src/main/AndroidManifest.xml:52:13-37
76
77        <!-- Needs to be explicitly declared on P+ -->
78        <uses-library
78-->[com.google.android.gms:play-services-maps:19.1.0] AndroidManifest.xml:33:7-86
79            android:name="org.apache.http.legacy"
79-->[com.google.android.gms:play-services-maps:19.1.0] AndroidManifest.xml:33:21-58
80            android:required="false" />
80-->[com.google.android.gms:play-services-maps:19.1.0] AndroidManifest.xml:33:59-83
81
82        <activity
82-->[com.google.android.gms:play-services-base:18.5.0] AndroidManifest.xml:5:9-173
83            android:name="com.google.android.gms.common.api.GoogleApiActivity"
83-->[com.google.android.gms:play-services-base:18.5.0] AndroidManifest.xml:5:19-85
84            android:exported="false"
84-->[com.google.android.gms:play-services-base:18.5.0] AndroidManifest.xml:5:146-170
85            android:theme="@android:style/Theme.Translucent.NoTitleBar" />
85-->[com.google.android.gms:play-services-base:18.5.0] AndroidManifest.xml:5:86-145
86
87        <meta-data
87-->[com.google.android.gms:play-services-basement:18.4.0] AndroidManifest.xml:6:9-122
88            android:name="com.google.android.gms.version"
88-->[com.google.android.gms:play-services-basement:18.4.0] AndroidManifest.xml:6:20-65
89            android:value="@integer/google_play_services_version" />
89-->[com.google.android.gms:play-services-basement:18.4.0] AndroidManifest.xml:6:66-119
90
91        <provider
91-->[androidx.emoji2:emoji2:1.3.0] AndroidManifest.xml:24:9-32:20
92            android:name="androidx.startup.InitializationProvider"
92-->[androidx.emoji2:emoji2:1.3.0] AndroidManifest.xml:25:13-67
93            android:authorities="com.exemple.applicationble.androidx-startup"
93-->[androidx.emoji2:emoji2:1.3.0] AndroidManifest.xml:26:13-68
94            android:exported="false" >
94-->[androidx.emoji2:emoji2:1.3.0] AndroidManifest.xml:27:13-37
95            <meta-data
95-->[androidx.emoji2:emoji2:1.3.0] AndroidManifest.xml:29:13-31:52
96                android:name="androidx.emoji2.text.EmojiCompatInitializer"
96-->[androidx.emoji2:emoji2:1.3.0] AndroidManifest.xml:30:17-75
97                android:value="androidx.startup" />
97-->[androidx.emoji2:emoji2:1.3.0] AndroidManifest.xml:31:17-49
98            <meta-data
98-->[androidx.lifecycle:lifecycle-process:2.6.2] AndroidManifest.xml:29:13-31:52
99                android:name="androidx.lifecycle.ProcessLifecycleInitializer"
99-->[androidx.lifecycle:lifecycle-process:2.6.2] AndroidManifest.xml:30:17-78
100                android:value="androidx.startup" />
100-->[androidx.lifecycle:lifecycle-process:2.6.2] AndroidManifest.xml:31:17-49
101            <meta-data
101-->[androidx.profileinstaller:profileinstaller:1.4.0] AndroidManifest.xml:29:13-31:52
102                android:name="androidx.profileinstaller.ProfileInstallerInitializer"
102-->[androidx.profileinstaller:profileinstaller:1.4.0] AndroidManifest.xml:30:17-85
103                android:value="androidx.startup" />
103-->[androidx.profileinstaller:profileinstaller:1.4.0] AndroidManifest.xml:31:17-49
104        </provider>
105
106        <receiver
106-->[androidx.profileinstaller:profileinstaller:1.4.0] AndroidManifest.xml:34:9-52:20
107            android:name="androidx.profileinstaller.ProfileInstallReceiver"
107-->[androidx.profileinstaller:profileinstaller:1.4.0] AndroidManifest.xml:35:13-76
108            android:directBootAware="false"
108-->[androidx.profileinstaller:profileinstaller:1.4.0] AndroidManifest.xml:36:13-44
109            android:enabled="true"
109-->[androidx.profileinstaller:profileinstaller:1.4.0] AndroidManifest.xml:37:13-35
110            android:exported="true"
110-->[androidx.profileinstaller:profileinstaller:1.4.0] AndroidManifest.xml:38:13-36
111            android:permission="android.permission.DUMP" >
111-->[androidx.profileinstaller:profileinstaller:1.4.0] AndroidManifest.xml:39:13-57
112            <intent-filter>
112-->[androidx.profileinstaller:profileinstaller:1.4.0] AndroidManifest.xml:40:13-42:29
113                <action android:name="androidx.profileinstaller.action.INSTALL_PROFILE" />
113-->[androidx.profileinstaller:profileinstaller:1.4.0] AndroidManifest.xml:41:17-91
113-->[androidx.profileinstaller:profileinstaller:1.4.0] AndroidManifest.xml:41:25-88
114            </intent-filter>
115            <intent-filter>
115-->[androidx.profileinstaller:profileinstaller:1.4.0] AndroidManifest.xml:43:13-45:29
116                <action android:name="androidx.profileinstaller.action.SKIP_FILE" />
116-->[androidx.profileinstaller:profileinstaller:1.4.0] AndroidManifest.xml:44:17-85
116-->[androidx.profileinstaller:profileinstaller:1.4.0] AndroidManifest.xml:44:25-82
117            </intent-filter>
118            <intent-filter>
118-->[androidx.profileinstaller:profileinstaller:1.4.0] AndroidManifest.xml:46:13-48:29
119                <action android:name="androidx.profileinstaller.action.SAVE_PROFILE" />
119-->[androidx.profileinstaller:profileinstaller:1.4.0] AndroidManifest.xml:47:17-88
119-->[androidx.profileinstaller:profileinstaller:1.4.0] AndroidManifest.xml:47:25-85
120            </intent-filter>
121            <intent-filter>
121-->[androidx.profileinstaller:profileinstaller:1.4.0] AndroidManifest.xml:49:13-51:29
122                <action android:name="androidx.profileinstaller.action.BENCHMARK_OPERATION" />
122-->[androidx.profileinstaller:profileinstaller:1.4.0] AndroidManifest.xml:50:17-95
122-->[androidx.profileinstaller:profileinstaller:1.4.0] AndroidManifest.xml:50:25-92
123            </intent-filter>
124        </receiver>
125    </application>
126
127</manifest>